Evaluating intersectional classifiers on FairFace dataset
{'modelpath_gender': '/n/fs/visualai-scr/sharonz/cos534/results/bfw_gender/model_best.pth', 'modelpath_race': '/n/fs/visualai-scr/sharonz/cos534/results/bfw_race/model_best.pth', 'humanlabels_gender': '/n/fs/visualai-scr/sharonz/fairface/gender_to_idx.json', 'humanlabels_race': '/n/fs/visualai-scr/sharonz/fairface/race_to_idx.json', 'labels_gender': '/n/fs/visualai-scr/sharonz/fairface/labels_gender_val.pkl', 'labels_race': '/n/fs/visualai-scr/sharonz/fairface/labels_race_val.pkl', 'batchsize': 64, 'device': device(type='cuda'), 'dtype': torch.float32, 'num_classes_gender': 2, 'num_classes_race': 4, 'outfile': None} 

	 conv1.weight
	 bn1.weight
	 bn1.bias
	 layer1.0.conv1.weight
	 layer1.0.bn1.weight
	 layer1.0.bn1.bias
	 layer1.0.conv2.weight
	 layer1.0.bn2.weight
	 layer1.0.bn2.bias
	 layer1.0.conv3.weight
	 layer1.0.bn3.weight
	 layer1.0.bn3.bias
	 layer1.0.downsample.0.weight
	 layer1.0.downsample.1.weight
	 layer1.0.downsample.1.bias
	 layer1.1.conv1.weight
	 layer1.1.bn1.weight
	 layer1.1.bn1.bias
	 layer1.1.conv2.weight
	 layer1.1.bn2.weight
	 layer1.1.bn2.bias
	 layer1.1.conv3.weight
	 layer1.1.bn3.weight
	 layer1.1.bn3.bias
	 layer1.2.conv1.weight
	 layer1.2.bn1.weight
	 layer1.2.bn1.bias
	 layer1.2.conv2.weight
	 layer1.2.bn2.weight
	 layer1.2.bn2.bias
	 layer1.2.conv3.weight
	 layer1.2.bn3.weight
	 layer1.2.bn3.bias
	 layer2.0.conv1.weight
	 layer2.0.bn1.weight
	 layer2.0.bn1.bias
	 layer2.0.conv2.weight
	 layer2.0.bn2.weight
	 layer2.0.bn2.bias
	 layer2.0.conv3.weight
	 layer2.0.bn3.weight
	 layer2.0.bn3.bias
	 layer2.0.downsample.0.weight
	 layer2.0.downsample.1.weight
	 layer2.0.downsample.1.bias
	 layer2.1.conv1.weight
	 layer2.1.bn1.weight
	 layer2.1.bn1.bias
	 layer2.1.conv2.weight
	 layer2.1.bn2.weight
	 layer2.1.bn2.bias
	 layer2.1.conv3.weight
	 layer2.1.bn3.weight
	 layer2.1.bn3.bias
	 layer2.2.conv1.weight
	 layer2.2.bn1.weight
	 layer2.2.bn1.bias
	 layer2.2.conv2.weight
	 layer2.2.bn2.weight
	 layer2.2.bn2.bias
	 layer2.2.conv3.weight
	 layer2.2.bn3.weight
	 layer2.2.bn3.bias
	 layer2.3.conv1.weight
	 layer2.3.bn1.weight
	 layer2.3.bn1.bias
	 layer2.3.conv2.weight
	 layer2.3.bn2.weight
	 layer2.3.bn2.bias
	 layer2.3.conv3.weight
	 layer2.3.bn3.weight
	 layer2.3.bn3.bias
	 layer3.0.conv1.weight
	 layer3.0.bn1.weight
	 layer3.0.bn1.bias
	 layer3.0.conv2.weight
	 layer3.0.bn2.weight
	 layer3.0.bn2.bias
	 layer3.0.conv3.weight
	 layer3.0.bn3.weight
	 layer3.0.bn3.bias
	 layer3.0.downsample.0.weight
	 layer3.0.downsample.1.weight
	 layer3.0.downsample.1.bias
	 layer3.1.conv1.weight
	 layer3.1.bn1.weight
	 layer3.1.bn1.bias
	 layer3.1.conv2.weight
	 layer3.1.bn2.weight
	 layer3.1.bn2.bias
	 layer3.1.conv3.weight
	 layer3.1.bn3.weight
	 layer3.1.bn3.bias
	 layer3.2.conv1.weight
	 layer3.2.bn1.weight
	 layer3.2.bn1.bias
	 layer3.2.conv2.weight
	 layer3.2.bn2.weight
	 layer3.2.bn2.bias
	 layer3.2.conv3.weight
	 layer3.2.bn3.weight
	 layer3.2.bn3.bias
	 layer3.3.conv1.weight
	 layer3.3.bn1.weight
	 layer3.3.bn1.bias
	 layer3.3.conv2.weight
	 layer3.3.bn2.weight
	 layer3.3.bn2.bias
	 layer3.3.conv3.weight
	 layer3.3.bn3.weight
	 layer3.3.bn3.bias
	 layer3.4.conv1.weight
	 layer3.4.bn1.weight
	 layer3.4.bn1.bias
	 layer3.4.conv2.weight
	 layer3.4.bn2.weight
	 layer3.4.bn2.bias
	 layer3.4.conv3.weight
	 layer3.4.bn3.weight
	 layer3.4.bn3.bias
	 layer3.5.conv1.weight
	 layer3.5.bn1.weight
	 layer3.5.bn1.bias
	 layer3.5.conv2.weight
	 layer3.5.bn2.weight
	 layer3.5.bn2.bias
	 layer3.5.conv3.weight
	 layer3.5.bn3.weight
	 layer3.5.bn3.bias
	 layer4.0.conv1.weight
	 layer4.0.bn1.weight
	 layer4.0.bn1.bias
	 layer4.0.conv2.weight
	 layer4.0.bn2.weight
	 layer4.0.bn2.bias
	 layer4.0.conv3.weight
	 layer4.0.bn3.weight
	 layer4.0.bn3.bias
	 layer4.0.downsample.0.weight
	 layer4.0.downsample.1.weight
	 layer4.0.downsample.1.bias
	 layer4.1.conv1.weight
	 layer4.1.bn1.weight
	 layer4.1.bn1.bias
	 layer4.1.conv2.weight
	 layer4.1.bn2.weight
	 layer4.1.bn2.bias
	 layer4.1.conv3.weight
	 layer4.1.bn3.weight
	 layer4.1.bn3.bias
	 layer4.2.conv1.weight
	 layer4.2.bn1.weight
	 layer4.2.bn1.bias
	 layer4.2.conv2.weight
	 layer4.2.bn2.weight
	 layer4.2.bn2.bias
	 layer4.2.conv3.weight
	 layer4.2.bn3.weight
	 layer4.2.bn3.bias
	 fc.weight
	 fc.bias
	 conv1.weight
	 bn1.weight
	 bn1.bias
	 layer1.0.conv1.weight
	 layer1.0.bn1.weight
	 layer1.0.bn1.bias
	 layer1.0.conv2.weight
	 layer1.0.bn2.weight
	 layer1.0.bn2.bias
	 layer1.0.conv3.weight
	 layer1.0.bn3.weight
	 layer1.0.bn3.bias
	 layer1.0.downsample.0.weight
	 layer1.0.downsample.1.weight
	 layer1.0.downsample.1.bias
	 layer1.1.conv1.weight
	 layer1.1.bn1.weight
	 layer1.1.bn1.bias
	 layer1.1.conv2.weight
	 layer1.1.bn2.weight
	 layer1.1.bn2.bias
	 layer1.1.conv3.weight
	 layer1.1.bn3.weight
	 layer1.1.bn3.bias
	 layer1.2.conv1.weight
	 layer1.2.bn1.weight
	 layer1.2.bn1.bias
	 layer1.2.conv2.weight
	 layer1.2.bn2.weight
	 layer1.2.bn2.bias
	 layer1.2.conv3.weight
	 layer1.2.bn3.weight
	 layer1.2.bn3.bias
	 layer2.0.conv1.weight
	 layer2.0.bn1.weight
	 layer2.0.bn1.bias
	 layer2.0.conv2.weight
	 layer2.0.bn2.weight
	 layer2.0.bn2.bias
	 layer2.0.conv3.weight
	 layer2.0.bn3.weight
	 layer2.0.bn3.bias
	 layer2.0.downsample.0.weight
	 layer2.0.downsample.1.weight
	 layer2.0.downsample.1.bias
	 layer2.1.conv1.weight
	 layer2.1.bn1.weight
	 layer2.1.bn1.bias
	 layer2.1.conv2.weight
	 layer2.1.bn2.weight
	 layer2.1.bn2.bias
	 layer2.1.conv3.weight
	 layer2.1.bn3.weight
	 layer2.1.bn3.bias
	 layer2.2.conv1.weight
	 layer2.2.bn1.weight
	 layer2.2.bn1.bias
	 layer2.2.conv2.weight
	 layer2.2.bn2.weight
	 layer2.2.bn2.bias
	 layer2.2.conv3.weight
	 layer2.2.bn3.weight
	 layer2.2.bn3.bias
	 layer2.3.conv1.weight
	 layer2.3.bn1.weight
	 layer2.3.bn1.bias
	 layer2.3.conv2.weight
	 layer2.3.bn2.weight
	 layer2.3.bn2.bias
	 layer2.3.conv3.weight
	 layer2.3.bn3.weight
	 layer2.3.bn3.bias
	 layer3.0.conv1.weight
	 layer3.0.bn1.weight
	 layer3.0.bn1.bias
	 layer3.0.conv2.weight
	 layer3.0.bn2.weight
	 layer3.0.bn2.bias
	 layer3.0.conv3.weight
	 layer3.0.bn3.weight
	 layer3.0.bn3.bias
	 layer3.0.downsample.0.weight
	 layer3.0.downsample.1.weight
	 layer3.0.downsample.1.bias
	 layer3.1.conv1.weight
	 layer3.1.bn1.weight
	 layer3.1.bn1.bias
	 layer3.1.conv2.weight
	 layer3.1.bn2.weight
	 layer3.1.bn2.bias
	 layer3.1.conv3.weight
	 layer3.1.bn3.weight
	 layer3.1.bn3.bias
	 layer3.2.conv1.weight
	 layer3.2.bn1.weight
	 layer3.2.bn1.bias
	 layer3.2.conv2.weight
	 layer3.2.bn2.weight
	 layer3.2.bn2.bias
	 layer3.2.conv3.weight
	 layer3.2.bn3.weight
	 layer3.2.bn3.bias
	 layer3.3.conv1.weight
	 layer3.3.bn1.weight
	 layer3.3.bn1.bias
	 layer3.3.conv2.weight
	 layer3.3.bn2.weight
	 layer3.3.bn2.bias
	 layer3.3.conv3.weight
	 layer3.3.bn3.weight
	 layer3.3.bn3.bias
	 layer3.4.conv1.weight
	 layer3.4.bn1.weight
	 layer3.4.bn1.bias
	 layer3.4.conv2.weight
	 layer3.4.bn2.weight
	 layer3.4.bn2.bias
	 layer3.4.conv3.weight
	 layer3.4.bn3.weight
	 layer3.4.bn3.bias
	 layer3.5.conv1.weight
	 layer3.5.bn1.weight
	 layer3.5.bn1.bias
	 layer3.5.conv2.weight
	 layer3.5.bn2.weight
	 layer3.5.bn2.bias
	 layer3.5.conv3.weight
	 layer3.5.bn3.weight
	 layer3.5.bn3.bias
	 layer4.0.conv1.weight
	 layer4.0.bn1.weight
	 layer4.0.bn1.bias
	 layer4.0.conv2.weight
	 layer4.0.bn2.weight
	 layer4.0.bn2.bias
	 layer4.0.conv3.weight
	 layer4.0.bn3.weight
	 layer4.0.bn3.bias
	 layer4.0.downsample.0.weight
	 layer4.0.downsample.1.weight
	 layer4.0.downsample.1.bias
	 layer4.1.conv1.weight
	 layer4.1.bn1.weight
	 layer4.1.bn1.bias
	 layer4.1.conv2.weight
	 layer4.1.bn2.weight
	 layer4.1.bn2.bias
	 layer4.1.conv3.weight
	 layer4.1.bn3.weight
	 layer4.1.bn3.bias
	 layer4.2.conv1.weight
	 layer4.2.bn1.weight
	 layer4.2.bn1.bias
	 layer4.2.conv2.weight
	 layer4.2.bn2.weight
	 layer4.2.bn2.bias
	 layer4.2.conv3.weight
	 layer4.2.bn3.weight
	 layer4.2.bn3.bias
	 fc.weight
	 fc.bias
Total accuracy: 46.81%
Male    , White           : 26.38%
Male    , Black           : 38.97%
Male    , East Asian      : 53.27%
Male    , South Asian     : 52.69%
Female  , White           : 29.68%
Female  , Black           : 46.81%
Female  , East Asian      : 61.31%
Female  , South Asian     : 58.83%
