Training three-way split ensemble
{'batchsize': 64, 'labels_train': '/n/fs/visualai-scr/sharonz/fairface/labels_race_train_2.pkl', 'labels_val': '/n/fs/visualai-scr/sharonz/fairface/labels_race_train_20.pkl', 'labels_test': None, 'num_epochs': 5, 'lr': 0.0001, 'print_freq': 500, 'num_classes': 4, 'model_path': None, 'dtype': torch.float32, 'outdir': '../results/fairface/race_2'} 

Training on cuda:0
	 conv1.weight
	 bn1.weight
	 bn1.bias
	 layer1.0.conv1.weight
	 layer1.0.bn1.weight
	 layer1.0.bn1.bias
	 layer1.0.conv2.weight
	 layer1.0.bn2.weight
	 layer1.0.bn2.bias
	 layer1.0.conv3.weight
	 layer1.0.bn3.weight
	 layer1.0.bn3.bias
	 layer1.0.downsample.0.weight
	 layer1.0.downsample.1.weight
	 layer1.0.downsample.1.bias
	 layer1.1.conv1.weight
	 layer1.1.bn1.weight
	 layer1.1.bn1.bias
	 layer1.1.conv2.weight
	 layer1.1.bn2.weight
	 layer1.1.bn2.bias
	 layer1.1.conv3.weight
	 layer1.1.bn3.weight
	 layer1.1.bn3.bias
	 layer1.2.conv1.weight
	 layer1.2.bn1.weight
	 layer1.2.bn1.bias
	 layer1.2.conv2.weight
	 layer1.2.bn2.weight
	 layer1.2.bn2.bias
	 layer1.2.conv3.weight
	 layer1.2.bn3.weight
	 layer1.2.bn3.bias
	 layer2.0.conv1.weight
	 layer2.0.bn1.weight
	 layer2.0.bn1.bias
	 layer2.0.conv2.weight
	 layer2.0.bn2.weight
	 layer2.0.bn2.bias
	 layer2.0.conv3.weight
	 layer2.0.bn3.weight
	 layer2.0.bn3.bias
	 layer2.0.downsample.0.weight
	 layer2.0.downsample.1.weight
	 layer2.0.downsample.1.bias
	 layer2.1.conv1.weight
	 layer2.1.bn1.weight
	 layer2.1.bn1.bias
	 layer2.1.conv2.weight
	 layer2.1.bn2.weight
	 layer2.1.bn2.bias
	 layer2.1.conv3.weight
	 layer2.1.bn3.weight
	 layer2.1.bn3.bias
	 layer2.2.conv1.weight
	 layer2.2.bn1.weight
	 layer2.2.bn1.bias
	 layer2.2.conv2.weight
	 layer2.2.bn2.weight
	 layer2.2.bn2.bias
	 layer2.2.conv3.weight
	 layer2.2.bn3.weight
	 layer2.2.bn3.bias
	 layer2.3.conv1.weight
	 layer2.3.bn1.weight
	 layer2.3.bn1.bias
	 layer2.3.conv2.weight
	 layer2.3.bn2.weight
	 layer2.3.bn2.bias
	 layer2.3.conv3.weight
	 layer2.3.bn3.weight
	 layer2.3.bn3.bias
	 layer3.0.conv1.weight
	 layer3.0.bn1.weight
	 layer3.0.bn1.bias
	 layer3.0.conv2.weight
	 layer3.0.bn2.weight
	 layer3.0.bn2.bias
	 layer3.0.conv3.weight
	 layer3.0.bn3.weight
	 layer3.0.bn3.bias
	 layer3.0.downsample.0.weight
	 layer3.0.downsample.1.weight
	 layer3.0.downsample.1.bias
	 layer3.1.conv1.weight
	 layer3.1.bn1.weight
	 layer3.1.bn1.bias
	 layer3.1.conv2.weight
	 layer3.1.bn2.weight
	 layer3.1.bn2.bias
	 layer3.1.conv3.weight
	 layer3.1.bn3.weight
	 layer3.1.bn3.bias
	 layer3.2.conv1.weight
	 layer3.2.bn1.weight
	 layer3.2.bn1.bias
	 layer3.2.conv2.weight
	 layer3.2.bn2.weight
	 layer3.2.bn2.bias
	 layer3.2.conv3.weight
	 layer3.2.bn3.weight
	 layer3.2.bn3.bias
	 layer3.3.conv1.weight
	 layer3.3.bn1.weight
	 layer3.3.bn1.bias
	 layer3.3.conv2.weight
	 layer3.3.bn2.weight
	 layer3.3.bn2.bias
	 layer3.3.conv3.weight
	 layer3.3.bn3.weight
	 layer3.3.bn3.bias
	 layer3.4.conv1.weight
	 layer3.4.bn1.weight
	 layer3.4.bn1.bias
	 layer3.4.conv2.weight
	 layer3.4.bn2.weight
	 layer3.4.bn2.bias
	 layer3.4.conv3.weight
	 layer3.4.bn3.weight
	 layer3.4.bn3.bias
	 layer3.5.conv1.weight
	 layer3.5.bn1.weight
	 layer3.5.bn1.bias
	 layer3.5.conv2.weight
	 layer3.5.bn2.weight
	 layer3.5.bn2.bias
	 layer3.5.conv3.weight
	 layer3.5.bn3.weight
	 layer3.5.bn3.bias
	 layer4.0.conv1.weight
	 layer4.0.bn1.weight
	 layer4.0.bn1.bias
	 layer4.0.conv2.weight
	 layer4.0.bn2.weight
	 layer4.0.bn2.bias
	 layer4.0.conv3.weight
	 layer4.0.bn3.weight
	 layer4.0.bn3.bias
	 layer4.0.downsample.0.weight
	 layer4.0.downsample.1.weight
	 layer4.0.downsample.1.bias
	 layer4.1.conv1.weight
	 layer4.1.bn1.weight
	 layer4.1.bn1.bias
	 layer4.1.conv2.weight
	 layer4.1.bn2.weight
	 layer4.1.bn2.bias
	 layer4.1.conv3.weight
	 layer4.1.bn3.weight
	 layer4.1.bn3.bias
	 layer4.2.conv1.weight
	 layer4.2.bn1.weight
	 layer4.2.bn1.bias
	 layer4.2.conv2.weight
	 layer4.2.bn2.weight
	 layer4.2.bn2.bias
	 layer4.2.conv3.weight
	 layer4.2.bn3.weight
	 layer4.2.bn3.bias
	 fc.weight
	 fc.bias

Epoch 1/5
----------
Iter 0/335 (Epoch 0), Train Loss = 1.557
train Loss: 0.6303 Acc: 0.7499  Time: 575.3418
val Loss: 0.3973 Acc: 0.8547  Time: 686.0548

Epoch 2/5
----------
Iter 0/335 (Epoch 1), Train Loss = 0.336
train Loss: 0.3245 Acc: 0.8819  Time: 1261.9801
val Loss: 0.3502 Acc: 0.8781  Time: 1372.8164

Epoch 3/5
----------
Iter 0/335 (Epoch 2), Train Loss = 0.190
train Loss: 0.1631 Acc: 0.9427  Time: 1949.0987
val Loss: 0.2864 Acc: 0.9066  Time: 2060.0852

Epoch 4/5
----------
Iter 0/335 (Epoch 3), Train Loss = 0.080
train Loss: 0.0997 Acc: 0.9641  Time: 2635.6149
val Loss: 0.2817 Acc: 0.9159  Time: 2746.5665

Epoch 5/5
----------
Iter 0/335 (Epoch 4), Train Loss = 0.066
train Loss: 0.0723 Acc: 0.9752  Time: 3321.9608
val Loss: 0.3276 Acc: 0.9112  Time: 3433.1597
Best model at 3 with lowest val loss 0.2816732190633558
Training complete in 57m 14s
Best val acc: 0.915920
