Training classifier
{'batchsize': 64, 'labels_train': '/n/fs/visualai-scr/sharonz/fairface/labels_gender_train_80.pkl', 'labels_val': '/n/fs/visualai-scr/sharonz/fairface/labels_gender_train_20.pkl', 'labels_test': None, 'num_epochs': 25, 'lr': 0.0001, 'print_freq': 500, 'num_classes': 2, 'model_path': None, 'dtype': torch.float32, 'outdir': '../results/fairface/gender'} 

Training on cuda:0
	 conv1.weight
	 bn1.weight
	 bn1.bias
	 layer1.0.conv1.weight
	 layer1.0.bn1.weight
	 layer1.0.bn1.bias
	 layer1.0.conv2.weight
	 layer1.0.bn2.weight
	 layer1.0.bn2.bias
	 layer1.0.conv3.weight
	 layer1.0.bn3.weight
	 layer1.0.bn3.bias
	 layer1.0.downsample.0.weight
	 layer1.0.downsample.1.weight
	 layer1.0.downsample.1.bias
	 layer1.1.conv1.weight
	 layer1.1.bn1.weight
	 layer1.1.bn1.bias
	 layer1.1.conv2.weight
	 layer1.1.bn2.weight
	 layer1.1.bn2.bias
	 layer1.1.conv3.weight
	 layer1.1.bn3.weight
	 layer1.1.bn3.bias
	 layer1.2.conv1.weight
	 layer1.2.bn1.weight
	 layer1.2.bn1.bias
	 layer1.2.conv2.weight
	 layer1.2.bn2.weight
	 layer1.2.bn2.bias
	 layer1.2.conv3.weight
	 layer1.2.bn3.weight
	 layer1.2.bn3.bias
	 layer2.0.conv1.weight
	 layer2.0.bn1.weight
	 layer2.0.bn1.bias
	 layer2.0.conv2.weight
	 layer2.0.bn2.weight
	 layer2.0.bn2.bias
	 layer2.0.conv3.weight
	 layer2.0.bn3.weight
	 layer2.0.bn3.bias
	 layer2.0.downsample.0.weight
	 layer2.0.downsample.1.weight
	 layer2.0.downsample.1.bias
	 layer2.1.conv1.weight
	 layer2.1.bn1.weight
	 layer2.1.bn1.bias
	 layer2.1.conv2.weight
	 layer2.1.bn2.weight
	 layer2.1.bn2.bias
	 layer2.1.conv3.weight
	 layer2.1.bn3.weight
	 layer2.1.bn3.bias
	 layer2.2.conv1.weight
	 layer2.2.bn1.weight
	 layer2.2.bn1.bias
	 layer2.2.conv2.weight
	 layer2.2.bn2.weight
	 layer2.2.bn2.bias
	 layer2.2.conv3.weight
	 layer2.2.bn3.weight
	 layer2.2.bn3.bias
	 layer2.3.conv1.weight
	 layer2.3.bn1.weight
	 layer2.3.bn1.bias
	 layer2.3.conv2.weight
	 layer2.3.bn2.weight
	 layer2.3.bn2.bias
	 layer2.3.conv3.weight
	 layer2.3.bn3.weight
	 layer2.3.bn3.bias
	 layer3.0.conv1.weight
	 layer3.0.bn1.weight
	 layer3.0.bn1.bias
	 layer3.0.conv2.weight
	 layer3.0.bn2.weight
	 layer3.0.bn2.bias
	 layer3.0.conv3.weight
	 layer3.0.bn3.weight
	 layer3.0.bn3.bias
	 layer3.0.downsample.0.weight
	 layer3.0.downsample.1.weight
	 layer3.0.downsample.1.bias
	 layer3.1.conv1.weight
	 layer3.1.bn1.weight
	 layer3.1.bn1.bias
	 layer3.1.conv2.weight
	 layer3.1.bn2.weight
	 layer3.1.bn2.bias
	 layer3.1.conv3.weight
	 layer3.1.bn3.weight
	 layer3.1.bn3.bias
	 layer3.2.conv1.weight
	 layer3.2.bn1.weight
	 layer3.2.bn1.bias
	 layer3.2.conv2.weight
	 layer3.2.bn2.weight
	 layer3.2.bn2.bias
	 layer3.2.conv3.weight
	 layer3.2.bn3.weight
	 layer3.2.bn3.bias
	 layer3.3.conv1.weight
	 layer3.3.bn1.weight
	 layer3.3.bn1.bias
	 layer3.3.conv2.weight
	 layer3.3.bn2.weight
	 layer3.3.bn2.bias
	 layer3.3.conv3.weight
	 layer3.3.bn3.weight
	 layer3.3.bn3.bias
	 layer3.4.conv1.weight
	 layer3.4.bn1.weight
	 layer3.4.bn1.bias
	 layer3.4.conv2.weight
	 layer3.4.bn2.weight
	 layer3.4.bn2.bias
	 layer3.4.conv3.weight
	 layer3.4.bn3.weight
	 layer3.4.bn3.bias
	 layer3.5.conv1.weight
	 layer3.5.bn1.weight
	 layer3.5.bn1.bias
	 layer3.5.conv2.weight
	 layer3.5.bn2.weight
	 layer3.5.bn2.bias
	 layer3.5.conv3.weight
	 layer3.5.bn3.weight
	 layer3.5.bn3.bias
	 layer4.0.conv1.weight
	 layer4.0.bn1.weight
	 layer4.0.bn1.bias
	 layer4.0.conv2.weight
	 layer4.0.bn2.weight
	 layer4.0.bn2.bias
	 layer4.0.conv3.weight
	 layer4.0.bn3.weight
	 layer4.0.bn3.bias
	 layer4.0.downsample.0.weight
	 layer4.0.downsample.1.weight
	 layer4.0.downsample.1.bias
	 layer4.1.conv1.weight
	 layer4.1.bn1.weight
	 layer4.1.bn1.bias
	 layer4.1.conv2.weight
	 layer4.1.bn2.weight
	 layer4.1.bn2.bias
	 layer4.1.conv3.weight
	 layer4.1.bn3.weight
	 layer4.1.bn3.bias
	 layer4.2.conv1.weight
	 layer4.2.bn1.weight
	 layer4.2.bn1.bias
	 layer4.2.conv2.weight
	 layer4.2.bn2.weight
	 layer4.2.bn2.bias
	 layer4.2.conv3.weight
	 layer4.2.bn3.weight
	 layer4.2.bn3.bias
	 fc.weight
	 fc.bias
Epoch 1/25
----------
Iter 0/1085 (Epoch 0), Train Loss = 0.704
Iter 500/1085 (Epoch 0), Train Loss = 0.274
Iter 1000/1085 (Epoch 0), Train Loss = 0.324
train Loss: 0.2629 Acc: 0.8819  Time: 1864.6405
val Loss: 0.2002 Acc: 0.9130  Time: 2016.9118
Epoch 2/25
----------
Iter 0/1085 (Epoch 1), Train Loss = 0.099
Iter 500/1085 (Epoch 1), Train Loss = 0.112
Iter 1000/1085 (Epoch 1), Train Loss = 0.151
train Loss: 0.1624 Acc: 0.9323  Time: 3904.8903
val Loss: 0.2029 Acc: 0.9142  Time: 4057.8308
Epoch 3/25
----------
Iter 0/1085 (Epoch 2), Train Loss = 0.151
Iter 500/1085 (Epoch 2), Train Loss = 0.172
Iter 1000/1085 (Epoch 2), Train Loss = 0.089
train Loss: 0.1129 Acc: 0.9552  Time: 5939.5270
val Loss: 0.2064 Acc: 0.9190  Time: 6127.7504
Epoch 4/25
----------
Iter 0/1085 (Epoch 3), Train Loss = 0.061
Iter 500/1085 (Epoch 3), Train Loss = 0.084
Iter 1000/1085 (Epoch 3), Train Loss = 0.119
train Loss: 0.0810 Acc: 0.9685  Time: 8021.1006
val Loss: 0.2291 Acc: 0.9183  Time: 8174.7143
Epoch 5/25
----------
Iter 0/1085 (Epoch 4), Train Loss = 0.042
Iter 500/1085 (Epoch 4), Train Loss = 0.117
Iter 1000/1085 (Epoch 4), Train Loss = 0.064
train Loss: 0.0583 Acc: 0.9778  Time: 10066.6729
val Loss: 0.2226 Acc: 0.9217  Time: 10219.9981
Epoch 6/25
----------
Iter 0/1085 (Epoch 5), Train Loss = 0.024
