Training three-way split ensemble
{'batchsize': 64, 'labels_train': '/n/fs/visualai-scr/sharonz/fairface/labels_gender_train_1.pkl', 'labels_val': '/n/fs/visualai-scr/sharonz/fairface/labels_gender_train_20.pkl', 'labels_test': None, 'num_epochs': 5, 'lr': 0.0001, 'print_freq': 500, 'num_classes': 2, 'model_path': None, 'dtype': torch.float32, 'outdir': '../results/fairface/gender_1'} 

Training on cuda:0
	 conv1.weight
	 bn1.weight
	 bn1.bias
	 layer1.0.conv1.weight
	 layer1.0.bn1.weight
	 layer1.0.bn1.bias
	 layer1.0.conv2.weight
	 layer1.0.bn2.weight
	 layer1.0.bn2.bias
	 layer1.0.conv3.weight
	 layer1.0.bn3.weight
	 layer1.0.bn3.bias
	 layer1.0.downsample.0.weight
	 layer1.0.downsample.1.weight
	 layer1.0.downsample.1.bias
	 layer1.1.conv1.weight
	 layer1.1.bn1.weight
	 layer1.1.bn1.bias
	 layer1.1.conv2.weight
	 layer1.1.bn2.weight
	 layer1.1.bn2.bias
	 layer1.1.conv3.weight
	 layer1.1.bn3.weight
	 layer1.1.bn3.bias
	 layer1.2.conv1.weight
	 layer1.2.bn1.weight
	 layer1.2.bn1.bias
	 layer1.2.conv2.weight
	 layer1.2.bn2.weight
	 layer1.2.bn2.bias
	 layer1.2.conv3.weight
	 layer1.2.bn3.weight
	 layer1.2.bn3.bias
	 layer2.0.conv1.weight
	 layer2.0.bn1.weight
	 layer2.0.bn1.bias
	 layer2.0.conv2.weight
	 layer2.0.bn2.weight
	 layer2.0.bn2.bias
	 layer2.0.conv3.weight
	 layer2.0.bn3.weight
	 layer2.0.bn3.bias
	 layer2.0.downsample.0.weight
	 layer2.0.downsample.1.weight
	 layer2.0.downsample.1.bias
	 layer2.1.conv1.weight
	 layer2.1.bn1.weight
	 layer2.1.bn1.bias
	 layer2.1.conv2.weight
	 layer2.1.bn2.weight
	 layer2.1.bn2.bias
	 layer2.1.conv3.weight
	 layer2.1.bn3.weight
	 layer2.1.bn3.bias
	 layer2.2.conv1.weight
	 layer2.2.bn1.weight
	 layer2.2.bn1.bias
	 layer2.2.conv2.weight
	 layer2.2.bn2.weight
	 layer2.2.bn2.bias
	 layer2.2.conv3.weight
	 layer2.2.bn3.weight
	 layer2.2.bn3.bias
	 layer2.3.conv1.weight
	 layer2.3.bn1.weight
	 layer2.3.bn1.bias
	 layer2.3.conv2.weight
	 layer2.3.bn2.weight
	 layer2.3.bn2.bias
	 layer2.3.conv3.weight
	 layer2.3.bn3.weight
	 layer2.3.bn3.bias
	 layer3.0.conv1.weight
	 layer3.0.bn1.weight
	 layer3.0.bn1.bias
	 layer3.0.conv2.weight
	 layer3.0.bn2.weight
	 layer3.0.bn2.bias
	 layer3.0.conv3.weight
	 layer3.0.bn3.weight
	 layer3.0.bn3.bias
	 layer3.0.downsample.0.weight
	 layer3.0.downsample.1.weight
	 layer3.0.downsample.1.bias
	 layer3.1.conv1.weight
	 layer3.1.bn1.weight
	 layer3.1.bn1.bias
	 layer3.1.conv2.weight
	 layer3.1.bn2.weight
	 layer3.1.bn2.bias
	 layer3.1.conv3.weight
	 layer3.1.bn3.weight
	 layer3.1.bn3.bias
	 layer3.2.conv1.weight
	 layer3.2.bn1.weight
	 layer3.2.bn1.bias
	 layer3.2.conv2.weight
	 layer3.2.bn2.weight
	 layer3.2.bn2.bias
	 layer3.2.conv3.weight
	 layer3.2.bn3.weight
	 layer3.2.bn3.bias
	 layer3.3.conv1.weight
	 layer3.3.bn1.weight
	 layer3.3.bn1.bias
	 layer3.3.conv2.weight
	 layer3.3.bn2.weight
	 layer3.3.bn2.bias
	 layer3.3.conv3.weight
	 layer3.3.bn3.weight
	 layer3.3.bn3.bias
	 layer3.4.conv1.weight
	 layer3.4.bn1.weight
	 layer3.4.bn1.bias
	 layer3.4.conv2.weight
	 layer3.4.bn2.weight
	 layer3.4.bn2.bias
	 layer3.4.conv3.weight
	 layer3.4.bn3.weight
	 layer3.4.bn3.bias
	 layer3.5.conv1.weight
	 layer3.5.bn1.weight
	 layer3.5.bn1.bias
	 layer3.5.conv2.weight
	 layer3.5.bn2.weight
	 layer3.5.bn2.bias
	 layer3.5.conv3.weight
	 layer3.5.bn3.weight
	 layer3.5.bn3.bias
	 layer4.0.conv1.weight
	 layer4.0.bn1.weight
	 layer4.0.bn1.bias
	 layer4.0.conv2.weight
	 layer4.0.bn2.weight
	 layer4.0.bn2.bias
	 layer4.0.conv3.weight
	 layer4.0.bn3.weight
	 layer4.0.bn3.bias
	 layer4.0.downsample.0.weight
	 layer4.0.downsample.1.weight
	 layer4.0.downsample.1.bias
	 layer4.1.conv1.weight
	 layer4.1.bn1.weight
	 layer4.1.bn1.bias
	 layer4.1.conv2.weight
	 layer4.1.bn2.weight
	 layer4.1.bn2.bias
	 layer4.1.conv3.weight
	 layer4.1.bn3.weight
	 layer4.1.bn3.bias
	 layer4.2.conv1.weight
	 layer4.2.bn1.weight
	 layer4.2.bn1.bias
	 layer4.2.conv2.weight
	 layer4.2.bn2.weight
	 layer4.2.bn2.bias
	 layer4.2.conv3.weight
	 layer4.2.bn3.weight
	 layer4.2.bn3.bias
	 fc.weight
	 fc.bias

Epoch 1/5
----------
Iter 0/335 (Epoch 0), Train Loss = 0.710
train Loss: 0.3611 Acc: 0.8315  Time: 589.6478
val Loss: 0.2715 Acc: 0.8789  Time: 703.3536

Epoch 2/5
----------
Iter 0/335 (Epoch 1), Train Loss = 0.208
train Loss: 0.1895 Acc: 0.9217  Time: 1293.3917
val Loss: 0.2864 Acc: 0.8779  Time: 1407.1148

Epoch 3/5
----------
Iter 0/335 (Epoch 2), Train Loss = 0.084
train Loss: 0.1061 Acc: 0.9589  Time: 1995.7993
val Loss: 0.3039 Acc: 0.8879  Time: 2109.4705

Epoch 4/5
----------
Iter 0/335 (Epoch 3), Train Loss = 0.048
train Loss: 0.0661 Acc: 0.9763  Time: 2699.5697
val Loss: 0.3519 Acc: 0.8934  Time: 2813.2762

Epoch 5/5
----------
Iter 0/335 (Epoch 4), Train Loss = 0.032
train Loss: 0.0541 Acc: 0.9799  Time: 3402.7266
val Loss: 0.3370 Acc: 0.8891  Time: 3516.6199
Best model at 0 with lowest val loss 0.2715146572006229
Training complete in 58m 38s
Best val acc: 0.893400
